1547147994978	geckodriver	INFO	geckodriver 0.21.0
1547147994987	geckodriver	INFO	Listening on 127.0.0.1:52948
1547147998041	mozrunner::runner	INFO	Running command: "C:\\Program Files\\Mozilla Firefox\\firefox.exe" "-marionette" "-foreground" "-no-remote" "-profile" "C:\\Users\\jorge\\AppData\\Local\\Temp\\rust_mozprofile.gqlDFuYkRnSY"
1547147998833	addons.webextension.screenshots@mozilla.org	WARN	Loading extension 'screenshots@mozilla.org': Reading manifest: Invalid host permission: resource://pdf.js/
1547147998833	addons.webextension.screenshots@mozilla.org	WARN	Loading extension 'screenshots@mozilla.org': Reading manifest: Invalid host permission: about:reader*
1547147998953	Marionette	DEBUG	Received observer notification profile-after-change
1547147999107	Marionette	DEBUG	Received observer notification toplevel-window-ready
1547147999149	Marionette	DEBUG	Received observer notification command-line-startup
1547147999149	Marionette	DEBUG	Received observer notification nsPref:changed
1547147999149	Marionette	DEBUG	Init aborted (running=false, enabled=true, finalUIStartup=false)
1547147999372	Marionette	DEBUG	Received observer notification toplevel-window-ready
1547148000152	Marionette	DEBUG	Received observer notification sessionstore-windows-restored
1547148000153	Marionette	DEBUG	Waiting for delayed startup...
1547148000253	Marionette	DEBUG	Setting recommended pref app.update.disabledForTesting to true
1547148000253	Marionette	DEBUG	Setting recommended pref security.turn_off_all_security_so_that_viruses_can_take_over_this_computer to true
1547148000253	Marionette	DEBUG	Setting recommended pref apz.content_response_timeout to 60000
1547148000253	Marionette	DEBUG	Setting recommended pref browser.contentblocking.introCount to 99
1547148000254	Marionette	DEBUG	Setting recommended pref browser.download.panel.shown to true
1547148000254	Marionette	DEBUG	Setting recommended pref browser.newtabpage.enabled to false
1547148000254	Marionette	DEBUG	Setting recommended pref browser.pagethumbnails.capturing_disabled to true
1547148000254	Marionette	DEBUG	Setting recommended pref browser.search.update to false
1547148000254	Marionette	DEBUG	Setting recommended pref browser.tabs.disableBackgroundZombification to false
1547148000254	Marionette	DEBUG	Setting recommended pref browser.tabs.warnOnCloseOtherTabs to false
1547148000255	Marionette	DEBUG	Setting recommended pref browser.tabs.warnOnOpen to false
1547148000255	Marionette	DEBUG	Setting recommended pref browser.usedOnWindows10.introURL to 
1547148000255	Marionette	DEBUG	Setting recommended pref browser.urlbar.suggest.searches to false
1547148000255	Marionette	DEBUG	Setting recommended pref datareporting.policy.dataSubmissionPolicyAccepted to false
1547148000255	Marionette	DEBUG	Setting recommended pref dom.disable_beforeunload to true
1547148000255	Marionette	DEBUG	Setting recommended pref dom.disable_open_during_load to false
1547148000255	Marionette	DEBUG	Setting recommended pref dom.file.createInChild to true
1547148000255	Marionette	DEBUG	Setting recommended pref dom.max_chrome_script_run_time to 0
1547148000256	Marionette	DEBUG	Setting recommended pref dom.max_script_run_time to 0
1547148000256	Marionette	DEBUG	Setting recommended pref extensions.getAddons.cache.enabled to false
1547148000256	Marionette	DEBUG	Setting recommended pref extensions.webservice.discoverURL to http://%(server)s/dummy/discoveryURL
1547148000256	Marionette	DEBUG	Setting recommended pref network.http.prompt-temp-redirect to false
1547148000256	Marionette	DEBUG	Setting recommended pref network.http.speculative-parallel-limit to 0
1547148000256	Marionette	DEBUG	Setting recommended pref security.fileuri.strict_origin_policy to false
1547148000256	Marionette	DEBUG	Setting recommended pref security.notification_enable_delay to 0
1547148000256	Marionette	DEBUG	Setting recommended pref signon.autofillForms to false
1547148000256	Marionette	DEBUG	Setting recommended pref signon.rememberSignons to false
1547148000256	Marionette	DEBUG	Setting recommended pref toolkit.cosmeticAnimations.enabled to false
1547148000313	Marionette	INFO	Listening on port 52960
1547148000313	Marionette	DEBUG	Remote service is active
1547148000760	Marionette	DEBUG	Accepted connection 0 from 127.0.0.1:52980
1547148000763	Marionette	TRACE	0 -> [0,1,"WebDriver:NewSession",{"acceptInsecureCerts":true,"browserName":"firefox","capabilities":{"desiredCapabilities":{"acceptInsecureCerts":true,"browserName":"firefox"}}}]
1547148000764	Marionette	WARN	TLS certificate errors will be ignored for this session
1547148000837	Marionette	DEBUG	[6442450945] Frame script loaded
1547148000839	Marionette	DEBUG	[6442450945] Frame script registered
1547148000849	Marionette	TRACE	0 <- [1,1,null,{"sessionId":"666826be-dc15-4a7f-882d-038445bda61a","capabilities":{"browserName":"firefox","browserVersion":"64.0" ... alse,"moz:webdriverClick":true,"capabilities":{"desiredCapabilities":{"acceptInsecureCerts":true,"browserName":"firefox"}}}}]
1547148000855	Marionette	TRACE	0 -> [0,2,"WebDriver:SetTimeouts",{"implicit":5000}]
1547148000856	Marionette	TRACE	0 <- [1,2,null,{"value":null}]
1547148000862	Marionette	TRACE	0 -> [0,3,"WebDriver:MaximizeWindow",{}]
1547148004371	Marionette	TRACE	0 <- [1,3,null,{"x":-8,"y":-8,"width":1382,"height":703,"state":"maximized"}]
1547148004374	Marionette	TRACE	0 -> [0,4,"WebDriver:Navigate",{"url":"https://opensource-demo.orangehrmlive.com/"}]
1547148004380	Marionette	DEBUG	[6442450945] Received DOM event beforeunload for about:blank
1547148005142	Marionette	DEBUG	[6442450945] Received DOM event pagehide for about:blank
1547148005791	Marionette	DEBUG	[6442450945] Received DOM event DOMContentLoaded for https://opensource-demo.orangehrmlive.com/
1547148006215	Marionette	DEBUG	[6442450945] Received DOM event pageshow for https://opensource-demo.orangehrmlive.com/
1547148006216	Marionette	TRACE	0 <- [1,4,null,{"value":null}]
1547148006218	Marionette	TRACE	0 -> [0,5,"WebDriver:FindElement",{"using":"css selector","value":"[id=\"txtUsername\"]"}]
1547148006221	Marionette	TRACE	0 <- [1,5,null,{"value":{"element-6066-11e4-a52e-4f735466cecf":"324aa80b-0bdf-4b28-ac5b-2bc71843a55a"}}]
1547148006223	Marionette	TRACE	0 -> [0,6,"WebDriver:ElementClear",{"id":"324aa80b-0bdf-4b28-ac5b-2bc71843a55a"}]
1547148006227	Marionette	TRACE	0 <- [1,6,null,{"value":null}]
1547148006230	Marionette	TRACE	0 -> [0,7,"WebDriver:FindElement",{"using":"css selector","value":"[id=\"txtUsername\"]"}]
1547148006232	Marionette	TRACE	0 <- [1,7,null,{"value":{"element-6066-11e4-a52e-4f735466cecf":"324aa80b-0bdf-4b28-ac5b-2bc71843a55a"}}]
1547148006234	Marionette	TRACE	0 -> [0,8,"WebDriver:ElementSendKeys",{"id":"324aa80b-0bdf-4b28-ac5b-2bc71843a55a","text":"Admin","value":["A","d","m","i","n"]}]
1547148006247	Marionette	TRACE	0 <- [1,8,null,{"value":null}]
1547148006250	Marionette	TRACE	0 -> [0,9,"WebDriver:FindElement",{"using":"css selector","value":"[id=\"txtPassword\"]"}]
1547148006252	Marionette	TRACE	0 <- [1,9,null,{"value":{"element-6066-11e4-a52e-4f735466cecf":"86d78bf4-e815-4141-9bd7-18560215aa4a"}}]
1547148006254	Marionette	TRACE	0 -> [0,10,"WebDriver:ElementClear",{"id":"86d78bf4-e815-4141-9bd7-18560215aa4a"}]
1547148006255	Marionette	TRACE	0 <- [1,10,null,{"value":null}]
1547148006258	Marionette	TRACE	0 -> [0,11,"WebDriver:FindElement",{"using":"css selector","value":"[id=\"txtPassword\"]"}]
1547148006261	Marionette	TRACE	0 <- [1,11,null,{"value":{"element-6066-11e4-a52e-4f735466cecf":"86d78bf4-e815-4141-9bd7-18560215aa4a"}}]
1547148006263	Marionette	TRACE	0 -> [0,12,"WebDriver:ElementSendKeys",{"id":"86d78bf4-e815-4141-9bd7-18560215aa4a","text":"admin123","value":["a","d","m","i","n","1","2","3"]}]
1547148006275	Marionette	TRACE	0 <- [1,12,null,{"value":null}]
1547148006277	Marionette	TRACE	0 -> [0,13,"WebDriver:FindElement",{"using":"css selector","value":"[id=\"btnLogin\"]"}]
1547148006279	Marionette	TRACE	0 <- [1,13,null,{"value":{"element-6066-11e4-a52e-4f735466cecf":"32be2b7f-b2f5-491b-83d6-56bc3b96a97b"}}]
1547148006281	Marionette	TRACE	0 -> [0,14,"WebDriver:ElementClick",{"id":"32be2b7f-b2f5-491b-83d6-56bc3b96a97b"}]
1547148006296	Marionette	DEBUG	[6442450945] Received DOM event beforeunload for https://opensource-demo.orangehrmlive.com/
1547148007209	Marionette	DEBUG	[6442450945] Received DOM event pagehide for https://opensource-demo.orangehrmlive.com/
1547148007211	Marionette	DEBUG	[6442450945] Received DOM event unload for https://opensource-demo.orangehrmlive.com/
1547148007365	Marionette	DEBUG	[6442450945] Received DOM event DOMContentLoaded for https://opensource-demo.orangehrmlive.com/index.php/dashboard
1547148007667	Marionette	DEBUG	[6442450945] Received DOM event pageshow for https://opensource-demo.orangehrmlive.com/index.php/dashboard
1547148007669	Marionette	TRACE	0 <- [1,14,null,{"value":null}]
1547148007675	Marionette	TRACE	0 -> [0,15,"WebDriver:FindElement",{"using":"css selector","value":"[id=\"welcome\"]"}]
1547148007681	Marionette	TRACE	0 <- [1,15,null,{"value":{"element-6066-11e4-a52e-4f735466cecf":"137e7f89-afbb-4426-be44-658048b6f6ff"}}]
1547148007685	Marionette	TRACE	0 -> [0,16,"WebDriver:ElementClick",{"id":"137e7f89-afbb-4426-be44-658048b6f6ff"}]
1547148008426	Marionette	DEBUG	[6442450945] Canceled page load listener because no navigation has been detected
1547148008427	Marionette	TRACE	0 <- [1,16,null,{"value":null}]
1547148008429	Marionette	TRACE	0 -> [0,17,"WebDriver:FindElement",{"using":"link text","value":"Logout"}]
1547148013489	Marionette	TRACE	0 <- [1,17,{"error":"no such element","message":"Unable to locate element: Logout","stacktrace":"WebDriverError@chrome://marionett ... entError@chrome://marionette/content/error.js:388:5\nelement.find/</<@chrome://marionette/content/element.js:339:16\n"},null]
1547148013572	Marionette	TRACE	0 -> [0,18,"WebDriver:CloseWindow",{}]
1547148013572	Marionette	TRACE	0 <- [1,18,null,[]]
1547148013574	Marionette	TRACE	0 -> [0,19,"Marionette:Quit",{"flags":["eForceQuit"]}]
1547148013574	Marionette	INFO	Stopped listening on port 52960
1547148013634	Marionette	TRACE	0 <- [1,19,null,{"cause":"shutdown"}]
[Parent 7888, Gecko_IOThread] WARNING: pipe error: 109: file z:/build/build/src/ipc/chromium/src/chrome/common/ipc_channel_win.cc, line 346
[Parent 7888, Gecko_IOThread] WARNING: pipe error: 109: file z:/build/build/src/ipc/chromium/src/chrome/common/ipc_channel_win.cc, line 346
[Child 22348, Chrome_ChildThread] WARNING: pipe error: 109: file z:/build/build/src/ipc/chromium/src/chrome/common/ipc_channel_win.cc, line 346
[Child 22348,[Child 412, Chrome_ChildThread] WARNING: pipe error: 109: file z:/build/build/src/ipc/chromium/src/chrome/common/ipc_channel_win.cc, line 346
[C1547148013672	Marionette	DEBUG	Closed connection 0
hi[Parent 7888, Gecko_IOThread] WARNING: pipe error: 109: file z:/build/build/src/ipc/chromium/src/chrome/common/ipc_channel_win.cc, line 346
[Child 1868, Chrome_ChildThread] WARNING: pipe error: 109: file z:/build/build/src/ipc/chromium/src/chrome/common/ipc_channel_win.cc, line 346
[Child 1547148013896	Marionette	DEBUG	Received observer notification xpcom-will-shutdown
1547148013896	Marionette	DEBUG	Resetting recommended pref app.update.disabledForTesting
1547148013897	Marionette	DEBUG	Resetting recommended pref security.turn_off_all_security_so_that_viruses_can_take_over_this_computer
1547148013897	Marionette	DEBUG	Resetting recommended pref apz.content_response_timeout
1547148013898	Marionette	DEBUG	Resetting recommended pref browser.contentblocking.introCount
1547148013898	Marionette	DEBUG	Resetting recommended pref browser.download.panel.shown
1547148013898	Marionette	DEBUG	Resetting recommended pref browser.newtabpage.enabled
1547148013898	Marionette	DEBUG	Resetting recommended pref browser.pagethumbnails.capturing_disabled
1547148013899	Marionette	DEBUG	Resetting recommended pref browser.search.update
1547148013899	Marionette	DEBUG	Resetting recommended pref browser.tabs.disableBackgroundZombification
1547148013899	Marionette	DEBUG	Resetting recommended pref browser.tabs.warnOnCloseOtherTabs
1547148013899	Marionette	DEBUG	Resetting recommended pref browser.tabs.warnOnOpen
1547148013899	Marionette	DEBUG	Resetting recommended pref browser.usedOnWindows10.introURL
1547148013899	Marionette	DEBUG	Resetting recommended pref browser.urlbar.suggest.searches
1547148013900	Marionette	DEBUG	Resetting recommended pref datareporting.policy.dataSubmissionPolicyAccepted
1547148013900	Marionette	DEBUG	Resetting recommended pref dom.disable_beforeunload
1547148013900	Marionette	DEBUG	Resetting recommended pref dom.disable_open_during_load
1547148013900	Marionette	DEBUG	Resetting recommended pref dom.file.createInChild
1547148013900	Marionette	DEBUG	Resetting recommended pref dom.max_chrome_script_run_time
1547148013900	Marionette	DEBUG	Resetting recommended pref dom.max_script_run_time
1547148013901	Marionette	DEBUG	Resetting recommended pref extensions.getAddons.cache.enabled
1547148013901	Marionette	DEBUG	Resetting recommended pref extensions.webservice.discoverURL
1547148013901	Marionette	DEBUG	Resetting recommended pref network.http.prompt-temp-redirect
1547148013901	Marionette	DEBUG	Resetting recommended pref network.http.speculative-parallel-limit
1547148013901	Marionette	DEBUG	Resetting recommended pref security.fileuri.strict_origin_policy
1547148013901	Marionette	DEBUG	Resetting recommended pref security.notification_enable_delay
1547148013901	Marionette	DEBUG	Resetting recommended pref signon.autofillForms
1547148013901	Marionette	DEBUG	Resetting recommended pref signon.rememberSignons
1547148013901	Marionette	DEBUG	Resetting recommended pref toolkit.cosmeticAnimations.enabled
1547148013902	Marionette	DEBUG	Remote service is inactive
[GP
###!!! [Child][RunMessage] Error: Channel closing: too late to send/recv, messages will be lost


###!!! [Child][MessageChannel::SendAndWait] Error: Channel error: cannot send/recv

1547148116195	geckodriver	INFO	geckodriver 0.21.0
1547148116204	geckodriver	INFO	Listening on 127.0.0.1:53220
1547148119232	mozrunner::runner	INFO	Running command: "C:\\Program Files\\Mozilla Firefox\\firefox.exe" "-marionette" "-foreground" "-no-remote" "-profile" "C:\\Users\\jorge\\AppData\\Local\\Temp\\rust_mozprofile.LGwtZZYQpSzA"
1547148119565	addons.webextension.screenshots@mozilla.org	WARN	Loading extension 'screenshots@mozilla.org': Reading manifest: Invalid host permission: resource://pdf.js/
1547148119566	addons.webextension.screenshots@mozilla.org	WARN	Loading extension 'screenshots@mozilla.org': Reading manifest: Invalid host permission: about:reader*
1547148119669	Marionette	DEBUG	Received observer notification profile-after-change
1547148119764	Marionette	DEBUG	Received observer notification toplevel-window-ready
1547148119787	Marionette	DEBUG	Received observer notification command-line-startup
1547148119787	Marionette	DEBUG	Received observer notification nsPref:changed
1547148119787	Marionette	DEBUG	Init aborted (running=false, enabled=true, finalUIStartup=false)
1547148119965	Marionette	DEBUG	Received observer notification toplevel-window-ready
1547148120598	Marionette	DEBUG	Received observer notification sessionstore-windows-restored
1547148120598	Marionette	DEBUG	Waiting for delayed startup...
1547148120697	Marionette	DEBUG	Setting recommended pref app.update.disabledForTesting to true
1547148120698	Marionette	DEBUG	Setting recommended pref security.turn_off_all_security_so_that_viruses_can_take_over_this_computer to true
1547148120698	Marionette	DEBUG	Setting recommended pref apz.content_response_timeout to 60000
1547148120698	Marionette	DEBUG	Setting recommended pref browser.contentblocking.introCount to 99
1547148120698	Marionette	DEBUG	Setting recommended pref browser.download.panel.shown to true
1547148120698	Marionette	DEBUG	Setting recommended pref browser.newtabpage.enabled to false
1547148120698	Marionette	DEBUG	Setting recommended pref browser.pagethumbnails.capturing_disabled to true
1547148120699	Marionette	DEBUG	Setting recommended pref browser.search.update to false
1547148120699	Marionette	DEBUG	Setting recommended pref browser.tabs.disableBackgroundZombification to false
1547148120699	Marionette	DEBUG	Setting recommended pref browser.tabs.warnOnCloseOtherTabs to false
1547148120700	Marionette	DEBUG	Setting recommended pref browser.tabs.warnOnOpen to false
1547148120700	Marionette	DEBUG	Setting recommended pref browser.usedOnWindows10.introURL to 
1547148120700	Marionette	DEBUG	Setting recommended pref browser.urlbar.suggest.searches to false
1547148120700	Marionette	DEBUG	Setting recommended pref datareporting.policy.dataSubmissionPolicyAccepted to false
1547148120701	Marionette	DEBUG	Setting recommended pref dom.disable_beforeunload to true
1547148120701	Marionette	DEBUG	Setting recommended pref dom.disable_open_during_load to false
1547148120701	Marionette	DEBUG	Setting recommended pref dom.file.createInChild to true
1547148120701	Marionette	DEBUG	Setting recommended pref dom.max_chrome_script_run_time to 0
1547148120701	Marionette	DEBUG	Setting recommended pref dom.max_script_run_time to 0
1547148120701	Marionette	DEBUG	Setting recommended pref extensions.getAddons.cache.enabled to false
1547148120701	Marionette	DEBUG	Setting recommended pref extensions.webservice.discoverURL to http://%(server)s/dummy/discoveryURL
1547148120701	Marionette	DEBUG	Setting recommended pref network.http.prompt-temp-redirect to false
1547148120701	Marionette	DEBUG	Setting recommended pref network.http.speculative-parallel-limit to 0
1547148120701	Marionette	DEBUG	Setting recommended pref security.fileuri.strict_origin_policy to false
1547148120702	Marionette	DEBUG	Setting recommended pref security.notification_enable_delay to 0
1547148120702	Marionette	DEBUG	Setting recommended pref signon.autofillForms to false
1547148120702	Marionette	DEBUG	Setting recommended pref signon.rememberSignons to false
1547148120702	Marionette	DEBUG	Setting recommended pref toolkit.cosmeticAnimations.enabled to false
1547148120731	Marionette	INFO	Listening on port 53233
1547148120732	Marionette	DEBUG	Remote service is active
1547148120844	Marionette	DEBUG	Accepted connection 0 from 127.0.0.1:53247
1547148120845	Marionette	TRACE	0 -> [0,1,"WebDriver:NewSession",{"acceptInsecureCerts":true,"browserName":"firefox","capabilities":{"desiredCapabilities":{"acceptInsecureCerts":true,"browserName":"firefox"}}}]
1547148120846	Marionette	WARN	TLS certificate errors will be ignored for this session
1547148120876	Marionette	DEBUG	[6442450945] Frame script loaded
1547148120878	Marionette	DEBUG	[6442450945] Frame script registered
1547148120887	Marionette	TRACE	0 <- [1,1,null,{"sessionId":"5f45a3d4-db24-4a2c-b4aa-c94784cce321","capabilities":{"browserName":"firefox","browserVersion":"64.0" ... alse,"moz:webdriverClick":true,"capabilities":{"desiredCapabilities":{"acceptInsecureCerts":true,"browserName":"firefox"}}}}]
1547148120891	Marionette	TRACE	0 -> [0,2,"WebDriver:SetTimeouts",{"implicit":5000}]
1547148120892	Marionette	TRACE	0 <- [1,2,null,{"value":null}]
1547148120899	Marionette	TRACE	0 -> [0,3,"WebDriver:MaximizeWindow",{}]
1547148124406	Marionette	TRACE	0 <- [1,3,null,{"x":-8,"y":-8,"width":1382,"height":703,"state":"maximized"}]
1547148124410	Marionette	TRACE	0 -> [0,4,"WebDriver:Navigate",{"url":"https://opensource-demo.orangehrmlive.com/"}]
1547148124420	Marionette	DEBUG	[6442450945] Received DOM event beforeunload for about:blank
1547148124960	Marionette	DEBUG	[6442450945] Received DOM event pagehide for about:blank
1547148125544	Marionette	DEBUG	[6442450945] Received DOM event DOMContentLoaded for https://opensource-demo.orangehrmlive.com/
1547148126034	Marionette	DEBUG	[6442450945] Received DOM event pageshow for https://opensource-demo.orangehrmlive.com/
1547148126035	Marionette	TRACE	0 <- [1,4,null,{"value":null}]
1547148126037	Marionette	TRACE	0 -> [0,5,"WebDriver:FindElement",{"using":"css selector","value":"[id=\"txtUsername\"]"}]
1547148126039	Marionette	TRACE	0 <- [1,5,null,{"value":{"element-6066-11e4-a52e-4f735466cecf":"336c9689-981c-4488-a22f-2ba7f1a2f821"}}]
1547148126041	Marionette	TRACE	0 -> [0,6,"WebDriver:ElementClear",{"id":"336c9689-981c-4488-a22f-2ba7f1a2f821"}]
1547148126043	Marionette	TRACE	0 <- [1,6,null,{"value":null}]
1547148126045	Marionette	TRACE	0 -> [0,7,"WebDriver:FindElement",{"using":"css selector","value":"[id=\"txtUsername\"]"}]
1547148126049	Marionette	TRACE	0 <- [1,7,null,{"value":{"element-6066-11e4-a52e-4f735466cecf":"336c9689-981c-4488-a22f-2ba7f1a2f821"}}]
1547148126052	Marionette	TRACE	0 -> [0,8,"WebDriver:ElementSendKeys",{"id":"336c9689-981c-4488-a22f-2ba7f1a2f821","text":"Admin","value":["A","d","m","i","n"]}]
1547148126065	Marionette	TRACE	0 <- [1,8,null,{"value":null}]
1547148126068	Marionette	TRACE	0 -> [0,9,"WebDriver:FindElement",{"using":"css selector","value":"[id=\"txtPassword\"]"}]
1547148126069	Marionette	TRACE	0 <- [1,9,null,{"value":{"element-6066-11e4-a52e-4f735466cecf":"fab62885-e91f-4798-9c71-473be66a5bbb"}}]
1547148126071	Marionette	TRACE	0 -> [0,10,"WebDriver:ElementClear",{"id":"fab62885-e91f-4798-9c71-473be66a5bbb"}]
1547148126073	Marionette	TRACE	0 <- [1,10,null,{"value":null}]
1547148126075	Marionette	TRACE	0 -> [0,11,"WebDriver:FindElement",{"using":"css selector","value":"[id=\"txtPassword\"]"}]
1547148126077	Marionette	TRACE	0 <- [1,11,null,{"value":{"element-6066-11e4-a52e-4f735466cecf":"fab62885-e91f-4798-9c71-473be66a5bbb"}}]
1547148126079	Marionette	TRACE	0 -> [0,12,"WebDriver:ElementSendKeys",{"id":"fab62885-e91f-4798-9c71-473be66a5bbb","text":"admin123","value":["a","d","m","i","n","1","2","3"]}]
1547148126089	Marionette	TRACE	0 <- [1,12,null,{"value":null}]
1547148126091	Marionette	TRACE	0 -> [0,13,"WebDriver:FindElement",{"using":"css selector","value":"[id=\"btnLogin\"]"}]
1547148126093	Marionette	TRACE	0 <- [1,13,null,{"value":{"element-6066-11e4-a52e-4f735466cecf":"6a756deb-4333-4e35-9d63-d9633b4ffa11"}}]
1547148126095	Marionette	TRACE	0 -> [0,14,"WebDriver:ElementClick",{"id":"6a756deb-4333-4e35-9d63-d9633b4ffa11"}]
1547148126104	Marionette	DEBUG	[6442450945] Received DOM event beforeunload for https://opensource-demo.orangehrmlive.com/
1547148126997	Marionette	DEBUG	[6442450945] Received DOM event pagehide for https://opensource-demo.orangehrmlive.com/
1547148126998	Marionette	DEBUG	[6442450945] Received DOM event unload for https://opensource-demo.orangehrmlive.com/
1547148127150	Marionette	DEBUG	[6442450945] Received DOM event DOMContentLoaded for https://opensource-demo.orangehrmlive.com/index.php/dashboard
1547148127456	Marionette	DEBUG	[6442450945] Received DOM event pageshow for https://opensource-demo.orangehrmlive.com/index.php/dashboard
1547148127457	Marionette	TRACE	0 <- [1,14,null,{"value":null}]
1547148127464	Marionette	TRACE	0 -> [0,15,"WebDriver:FindElement",{"using":"css selector","value":"[id=\"welcome\"]"}]
1547148127466	Marionette	TRACE	0 <- [1,15,null,{"value":{"element-6066-11e4-a52e-4f735466cecf":"e03b85dc-b8dc-4643-8940-e37a1c8f89ac"}}]
1547148127468	Marionette	TRACE	0 -> [0,16,"WebDriver:ElementClick",{"id":"e03b85dc-b8dc-4643-8940-e37a1c8f89ac"}]
1547148128201	Marionette	DEBUG	[6442450945] Canceled page load listener because no navigation has been detected
1547148128201	Marionette	TRACE	0 <- [1,16,null,{"value":null}]
1547148128204	Marionette	TRACE	0 -> [0,17,"WebDriver:FindElement",{"using":"link text","value":"Logout"}]
1547148133211	Marionette	TRACE	0 <- [1,17,{"error":"no such element","message":"Unable to locate element: Logout","stacktrace":"WebDriverError@chrome://marionett ... entError@chrome://marionette/content/error.js:388:5\nelement.find/</<@chrome://marionette/content/element.js:339:16\n"},null]
1547148133295	Marionette	TRACE	0 -> [0,18,"WebDriver:CloseWindow",{}]
1547148133296	Marionette	TRACE	0 <- [1,18,null,[]]
1547148133297	Marionette	TRACE	0 -> [0,19,"Marionette:Quit",{"flags":["eForceQuit"]}]
1547148133297	Marionette	INFO	Stopped listening on port 53233
1547148133345	Marionette	TRACE	0 <- [1,19,null,{"cause":"shutdown"}]
[Parent 20940, Gecko_IOThread] WARNING: pipe error: 109: file z:/build/build/src/ipc/chromium/src/chrome/common/ipc_channel_win.cc, line 346
[Parent 20940, Gecko_IOThread] WARNING: pipe error: 109: file z:/build/build/src/ipc/chromium/src/chrome/common/ipc_channel_win.cc, line 346
[Child 11272, Chrome_ChildThread] WARNING: pipe error: 109: file z:/build/build/src/ipc/chromium/src/chrome/common/ipc_channel_win.cc, line 346
[Child [Child 4908, Chrome_ChildThread] WARNING: pipe error: 109: file z:/build/build/src/ipc/chromium/src/chrome/common/ipc_cha1547148133384	Marionette	DEBUG	Closed connection 0
nnel_win.cc, line 346
[Child 49[Parent 20940, Gecko_IOThread] WARNING: pipe error: 109: file z:/build/build/src/ipc/chromium/src/chrome/common/ipc_channel_win.cc, line 346
[Child 25748, Chrome_ChildThread] WARNING: pipe error: 109: file z:/build/build/src/ipc/chromium/src/chrome/common/ipc_channel_win.cc, line 346
[Child 2571547148133573	Marionette	DEBUG	Received observer notification xpcom-will-shutdown
1547148133573	Marionette	DEBUG	Resetting recommended pref app.update.disabledForTesting
1547148133573	Marionette	DEBUG	Resetting recommended pref security.turn_off_all_security_so_that_viruses_can_take_over_this_computer
1547148133574	Marionette	DEBUG	Resetting recommended pref apz.content_response_timeout
1547148133574	Marionette	DEBUG	Resetting recommended pref browser.contentblocking.introCount
1547148133574	Marionette	DEBUG	Resetting recommended pref browser.download.panel.shown
1547148133574	Marionette	DEBUG	Resetting recommended pref browser.newtabpage.enabled
1547148133575	Marionette	DEBUG	Resetting recommended pref browser.pagethumbnails.capturing_disabled
1547148133575	Marionette	DEBUG	Resetting recommended pref browser.search.update
1547148133575	Marionette	DEBUG	Resetting recommended pref browser.tabs.disableBackgroundZombification
1547148133575	Marionette	DEBUG	Resetting recommended pref browser.tabs.warnOnCloseOtherTabs
1547148133575	Marionette	DEBUG	Resetting recommended pref browser.tabs.warnOnOpen
1547148133575	Marionette	DEBUG	Resetting recommended pref browser.usedOnWindows10.introURL
1547148133576	Marionette	DEBUG	Resetting recommended pref browser.urlbar.suggest.searches
1547148133576	Marionette	DEBUG	Resetting recommended pref datareporting.policy.dataSubmissionPolicyAccepted
1547148133576	Marionette	DEBUG	Resetting recommended pref dom.disable_beforeunload
1547148133576	Marionette	DEBUG	Resetting recommended pref dom.disable_open_during_load
1547148133576	Marionette	DEBUG	Resetting recommended pref dom.file.createInChild
1547148133576	Marionette	DEBUG	Resetting recommended pref dom.max_chrome_script_run_time
1547148133576	Marionette	DEBUG	Resetting recommended pref dom.max_script_run_time
1547148133577	Marionette	DEBUG	Resetting recommended pref extensions.getAddons.cache.enabled
1547148133577	Marionette	DEBUG	Resetting recommended pref extensions.webservice.discoverURL
1547148133577	Marionette	DEBUG	Resetting recommended pref network.http.prompt-temp-redirect
1547148133577	Marionette	DEBUG	Resetting recommended pref network.http.speculative-parallel-limit
1547148133577	Marionette	DEBUG	Resetting recommended pref security.fileuri.strict_origin_policy
1547148133577	Marionette	DEBUG	Resetting recommended pref security.notification_enable_delay
1547148133577	Marionette	DEBUG	Resetting recommended pref signon.autofillForms
1547148133577	Marionette	DEBUG	Resetting recommended pref signon.rememberSignons
1547148133577	Marionette	DEBUG	Resetting recommended pref toolkit.cosmeticAnimations.enabled
1547148133578	Marionette	DEBUG	Remote service is inactive

###!!! [Child][RunMessage] Error: Channel closing: too late to send/recv, messages will be lost

[
###!!! [Child][MessageChannel::SendAndWait] Error: Channel error: cannot send/recv

1551199604194	mozrunner::runner	INFO	Running command: "C:\\Program Files\\Mozilla Firefox\\firefox.exe" "-marionette" "-foreground" "-no-remote" "-profile" "C:\\Users\\jorge\\AppData\\Local\\Temp\\rust_mozprofile.jlbpqtM7PXMS"
1551199604917	addons.webextension.screenshots@mozilla.org	WARN	Loading extension 'screenshots@mozilla.org': Reading manifest: Invalid host permission: resource://pdf.js/
1551199604917	addons.webextension.screenshots@mozilla.org	WARN	Loading extension 'screenshots@mozilla.org': Reading manifest: Invalid host permission: about:reader*
1551199606200	Marionette	INFO	Listening on port 60061
1551199606317	Marionette	WARN	TLS certificate errors will be ignored for this session
1551199619131	Marionette	INFO	Stopped listening on port 60061
[Parent 20832, Gecko_IOThread] WARNING: pipe error: 109: file z:/build/build/src/ipc/chromium/src/chrome/common/ipc_channel_win.cc, line 346
[Child 39884, Chrome_ChildThread] WARNING: pipe error: 109: file z:/build/build/src/ipc/chromium/src/chrome/common/ipc_channel_win.cc, line 346[Child 13512, Chrome_ChildThread] WARNING: pipe error: 109: file z:/build/build/src/ipc/chr
omium/src/chrome/common/ipc_channel_win.cc, line 346
[Child 13512, Chrome_ChildThread] WARNING: pipe error: 109: fil[Parent 20832, Gecko_IOThread] WARNING: pipe error: 109: file z:/build/build/src/ipc/chromium/src/chrome/common/ipc_channel_win.cc, line 346
[Child 2528, Chrome_ChildThread] WARNING: pipe error: 109: file z:/build/build/src/ipc/chromium/src/chrome/common/ipc_channel_win.cc, line 346
[Child 25
###!!! [Child][RunMessage] Error: Channel closing: too late to send/recv, messages will be lost

[
###!!! [Child][MessageChannel::SendAndWait] Error: Channel error: cannot send/recv

